<?xml version="1.0" encoding="UTF-8"?>
<testsuite xmlns:xsi="http://www.w3.org/2001/XMLSchema-instance" xsi:noNamespaceSchemaLocation="https://maven.apache.org/surefire/maven-surefire-plugin/xsd/surefire-test-report.xsd" name="TestChrome" time="0.505" tests="0" errors="0" skipped="0" failures="0">
  <properties>
    <property name="gopherProxySet" value="false"/>
    <property name="awt.toolkit" value="sun.lwawt.macosx.LWCToolkit"/>
    <property name="file.encoding.pkg" value="sun.io"/>
    <property name="java.specification.version" value="1.8"/>
    <property name="sun.cpu.isalist" value=""/>
    <property name="sun.jnu.encoding" value="UTF-8"/>
    <property name="java.class.path" value="/Users/anoop.sharma/Documents/personal_project/stockElasticChart/target/test-classes:/Users/anoop.sharma/Documents/personal_project/stockElasticChart/target/classes:/Users/anoop.sharma/.m2/repository/org/springframework/boot/spring-boot-starter-web/2.1.0.RELEASE/spring-boot-starter-web-2.1.0.RELEASE.jar:/Users/anoop.sharma/.m2/repository/org/springframework/boot/spring-boot-starter-json/2.1.1.BUILD-SNAPSHOT/spring-boot-starter-json-2.1.1.BUILD-SNAPSHOT.jar:/Users/anoop.sharma/.m2/repository/com/fasterxml/jackson/datatype/jackson-datatype-jdk8/2.9.7/jackson-datatype-jdk8-2.9.7.jar:/Users/anoop.sharma/.m2/repository/com/fasterxml/jackson/datatype/jackson-datatype-jsr310/2.9.7/jackson-datatype-jsr310-2.9.7.jar:/Users/anoop.sharma/.m2/repository/com/fasterxml/jackson/module/jackson-module-parameter-names/2.9.7/jackson-module-parameter-names-2.9.7.jar:/Users/anoop.sharma/.m2/repository/org/springframework/boot/spring-boot-starter-tomcat/2.1.1.BUILD-SNAPSHOT/spring-boot-starter-tomcat-2.1.1.BUILD-SNAPSHOT.jar:/Users/anoop.sharma/.m2/repository/org/apache/tomcat/embed/tomcat-embed-core/9.0.13/tomcat-embed-core-9.0.13.jar:/Users/anoop.sharma/.m2/repository/org/apache/tomcat/embed/tomcat-embed-el/9.0.13/tomcat-embed-el-9.0.13.jar:/Users/anoop.sharma/.m2/repository/org/apache/tomcat/embed/tomcat-embed-websocket/9.0.13/tomcat-embed-websocket-9.0.13.jar:/Users/anoop.sharma/.m2/repository/org/hibernate/validator/hibernate-validator/6.0.13.Final/hibernate-validator-6.0.13.Final.jar:/Users/anoop.sharma/.m2/repository/javax/validation/validation-api/2.0.1.Final/validation-api-2.0.1.Final.jar:/Users/anoop.sharma/.m2/repository/org/jboss/logging/jboss-logging/3.3.2.Final/jboss-logging-3.3.2.Final.jar:/Users/anoop.sharma/.m2/repository/com/fasterxml/classmate/1.4.0/classmate-1.4.0.jar:/Users/anoop.sharma/.m2/repository/org/springframework/spring-web/5.1.3.RELEASE/spring-web-5.1.3.RELEASE.jar:/Users/anoop.sharma/.m2/repository/org/springframework/spring-beans/5.1.3.RELEASE/spring-beans-5.1.3.RELEASE.jar:/Users/anoop.sharma/.m2/repository/org/springframework/spring-webmvc/5.1.3.RELEASE/spring-webmvc-5.1.3.RELEASE.jar:/Users/anoop.sharma/.m2/repository/org/springframework/spring-aop/5.1.3.RELEASE/spring-aop-5.1.3.RELEASE.jar:/Users/anoop.sharma/.m2/repository/org/springframework/spring-context/5.1.3.RELEASE/spring-context-5.1.3.RELEASE.jar:/Users/anoop.sharma/.m2/repository/org/springframework/spring-expression/5.1.3.RELEASE/spring-expression-5.1.3.RELEASE.jar:/Users/anoop.sharma/.m2/repository/org/springframework/boot/spring-boot-starter/2.1.1.BUILD-SNAPSHOT/spring-boot-starter-2.1.1.BUILD-SNAPSHOT.jar:/Users/anoop.sharma/.m2/repository/org/springframework/boot/spring-boot/2.1.1.BUILD-SNAPSHOT/spring-boot-2.1.1.BUILD-SNAPSHOT.jar:/Users/anoop.sharma/.m2/repository/org/springframework/boot/spring-boot-autoconfigure/2.1.1.BUILD-SNAPSHOT/spring-boot-autoconfigure-2.1.1.BUILD-SNAPSHOT.jar:/Users/anoop.sharma/.m2/repository/org/springframework/boot/spring-boot-starter-logging/2.1.1.BUILD-SNAPSHOT/spring-boot-starter-logging-2.1.1.BUILD-SNAPSHOT.jar:/Users/anoop.sharma/.m2/repository/ch/qos/logback/logback-classic/1.2.3/logback-classic-1.2.3.jar:/Users/anoop.sharma/.m2/repository/ch/qos/logback/logback-core/1.2.3/logback-core-1.2.3.jar:/Users/anoop.sharma/.m2/repository/org/apache/logging/log4j/log4j-to-slf4j/2.11.1/log4j-to-slf4j-2.11.1.jar:/Users/anoop.sharma/.m2/repository/org/slf4j/jul-to-slf4j/1.7.25/jul-to-slf4j-1.7.25.jar:/Users/anoop.sharma/.m2/repository/javax/annotation/javax.annotation-api/1.3.2/javax.annotation-api-1.3.2.jar:/Users/anoop.sharma/.m2/repository/org/springframework/spring-core/5.1.3.RELEASE/spring-core-5.1.3.RELEASE.jar:/Users/anoop.sharma/.m2/repository/org/springframework/spring-jcl/5.1.3.RELEASE/spring-jcl-5.1.3.RELEASE.jar:/Users/anoop.sharma/.m2/repository/org/yaml/snakeyaml/1.23/snakeyaml-1.23.jar:/Users/anoop.sharma/.m2/repository/org/springframework/boot/spring-boot-starter-test/2.1.1.BUILD-SNAPSHOT/spring-boot-starter-test-2.1.1.BUILD-SNAPSHOT.jar:/Users/anoop.sharma/.m2/repository/org/springframework/boot/spring-boot-test/2.1.1.BUILD-SNAPSHOT/spring-boot-test-2.1.1.BUILD-SNAPSHOT.jar:/Users/anoop.sharma/.m2/repository/org/springframework/boot/spring-boot-test-autoconfigure/2.1.1.BUILD-SNAPSHOT/spring-boot-test-autoconfigure-2.1.1.BUILD-SNAPSHOT.jar:/Users/anoop.sharma/.m2/repository/com/jayway/jsonpath/json-path/2.4.0/json-path-2.4.0.jar:/Users/anoop.sharma/.m2/repository/net/minidev/json-smart/2.3/json-smart-2.3.jar:/Users/anoop.sharma/.m2/repository/net/minidev/accessors-smart/1.2/accessors-smart-1.2.jar:/Users/anoop.sharma/.m2/repository/org/ow2/asm/asm/5.0.4/asm-5.0.4.jar:/Users/anoop.sharma/.m2/repository/org/slf4j/slf4j-api/1.7.25/slf4j-api-1.7.25.jar:/Users/anoop.sharma/.m2/repository/junit/junit/4.12/junit-4.12.jar:/Users/anoop.sharma/.m2/repository/org/assertj/assertj-core/3.11.1/assertj-core-3.11.1.jar:/Users/anoop.sharma/.m2/repository/org/mockito/mockito-core/2.23.4/mockito-core-2.23.4.jar:/Users/anoop.sharma/.m2/repository/net/bytebuddy/byte-buddy/1.9.5/byte-buddy-1.9.5.jar:/Users/anoop.sharma/.m2/repository/net/bytebuddy/byte-buddy-agent/1.9.5/byte-buddy-agent-1.9.5.jar:/Users/anoop.sharma/.m2/repository/org/objenesis/objenesis/2.6/objenesis-2.6.jar:/Users/anoop.sharma/.m2/repository/org/hamcrest/hamcrest-core/1.3/hamcrest-core-1.3.jar:/Users/anoop.sharma/.m2/repository/org/hamcrest/hamcrest-library/1.3/hamcrest-library-1.3.jar:/Users/anoop.sharma/.m2/repository/org/skyscreamer/jsonassert/1.5.0/jsonassert-1.5.0.jar:/Users/anoop.sharma/.m2/repository/com/vaadin/external/google/android-json/0.0.20131108.vaadin1/android-json-0.0.20131108.vaadin1.jar:/Users/anoop.sharma/.m2/repository/org/springframework/spring-test/5.1.3.RELEASE/spring-test-5.1.3.RELEASE.jar:/Users/anoop.sharma/.m2/repository/org/xmlunit/xmlunit-core/2.6.2/xmlunit-core-2.6.2.jar:/Users/anoop.sharma/.m2/repository/org/jsoup/jsoup/1.12.1/jsoup-1.12.1.jar:/Users/anoop.sharma/.m2/repository/org/mongodb/mongo-java-driver/3.6.4/mongo-java-driver-3.6.4.jar:/Users/anoop.sharma/.m2/repository/org/mongodb/mongodb-driver/3.6.4/mongodb-driver-3.6.4.jar:/Users/anoop.sharma/.m2/repository/org/mongodb/mongodb-driver-core/3.8.2/mongodb-driver-core-3.8.2.jar:/Users/anoop.sharma/.m2/repository/org/mongodb/bson/2.13.3/bson-2.13.3.jar:/Users/anoop.sharma/.m2/repository/io/rest-assured/rest-assured/3.1.1/rest-assured-3.1.1.jar:/Users/anoop.sharma/.m2/repository/org/codehaus/groovy/groovy/2.5.4/groovy-2.5.4.jar:/Users/anoop.sharma/.m2/repository/org/codehaus/groovy/groovy-xml/2.5.4/groovy-xml-2.5.4.jar:/Users/anoop.sharma/.m2/repository/org/apache/httpcomponents/httpclient/4.5.6/httpclient-4.5.6.jar:/Users/anoop.sharma/.m2/repository/org/apache/httpcomponents/httpmime/4.5.6/httpmime-4.5.6.jar:/Users/anoop.sharma/.m2/repository/org/ccil/cowan/tagsoup/tagsoup/1.2.1/tagsoup-1.2.1.jar:/Users/anoop.sharma/.m2/repository/io/rest-assured/json-path/3.1.1/json-path-3.1.1.jar:/Users/anoop.sharma/.m2/repository/org/codehaus/groovy/groovy-json/2.5.4/groovy-json-2.5.4.jar:/Users/anoop.sharma/.m2/repository/io/rest-assured/rest-assured-common/3.1.1/rest-assured-common-3.1.1.jar:/Users/anoop.sharma/.m2/repository/io/rest-assured/xml-path/3.1.1/xml-path-3.1.1.jar:/Users/anoop.sharma/.m2/repository/org/apache/commons/commons-lang3/3.8.1/commons-lang3-3.8.1.jar:/Users/anoop.sharma/.m2/repository/javax/xml/bind/jaxb-api/2.3.1/jaxb-api-2.3.1.jar:/Users/anoop.sharma/.m2/repository/javax/activation/javax.activation-api/1.2.0/javax.activation-api-1.2.0.jar:/Users/anoop.sharma/.m2/repository/com/fasterxml/jackson/core/jackson-core/2.9.7/jackson-core-2.9.7.jar:/Users/anoop.sharma/.m2/repository/com/fasterxml/jackson/core/jackson-databind/2.9.7/jackson-databind-2.9.7.jar:/Users/anoop.sharma/.m2/repository/com/fasterxml/jackson/core/jackson-annotations/2.9.0/jackson-annotations-2.9.0.jar:/Users/anoop.sharma/.m2/repository/com/google/code/gson/gson/2.8.5/gson-2.8.5.jar:/Users/anoop.sharma/.m2/repository/org/json/json/20180813/json-20180813.jar:/Users/anoop.sharma/.m2/repository/org/elasticsearch/client/elasticsearch-rest-high-level-client/6.4.3/elasticsearch-rest-high-level-client-6.4.3.jar:/Users/anoop.sharma/.m2/repository/org/elasticsearch/plugin/parent-join-client/6.4.3/parent-join-client-6.4.3.jar:/Users/anoop.sharma/.m2/repository/org/elasticsearch/plugin/aggs-matrix-stats-client/6.4.3/aggs-matrix-stats-client-6.4.3.jar:/Users/anoop.sharma/.m2/repository/org/elasticsearch/plugin/rank-eval-client/6.4.3/rank-eval-client-6.4.3.jar:/Users/anoop.sharma/.m2/repository/org/elasticsearch/plugin/lang-mustache-client/6.4.3/lang-mustache-client-6.4.3.jar:/Users/anoop.sharma/.m2/repository/com/github/spullara/mustache/java/compiler/0.9.3/compiler-0.9.3.jar:/Users/anoop.sharma/.m2/repository/org/elasticsearch/client/elasticsearch-rest-client/6.4.3/elasticsearch-rest-client-6.4.3.jar:/Users/anoop.sharma/.m2/repository/org/apache/httpcomponents/httpcore/4.4.10/httpcore-4.4.10.jar:/Users/anoop.sharma/.m2/repository/org/apache/httpcomponents/httpasyncclient/4.1.4/httpasyncclient-4.1.4.jar:/Users/anoop.sharma/.m2/repository/org/apache/httpcomponents/httpcore-nio/4.4.10/httpcore-nio-4.4.10.jar:/Users/anoop.sharma/.m2/repository/commons-codec/commons-codec/1.11/commons-codec-1.11.jar:/Users/anoop.sharma/.m2/repository/org/elasticsearch/elasticsearch/6.4.3/elasticsearch-6.4.3.jar:/Users/anoop.sharma/.m2/repository/org/elasticsearch/elasticsearch-core/6.4.3/elasticsearch-core-6.4.3.jar:/Users/anoop.sharma/.m2/repository/org/elasticsearch/elasticsearch-secure-sm/6.4.3/elasticsearch-secure-sm-6.4.3.jar:/Users/anoop.sharma/.m2/repository/org/elasticsearch/elasticsearch-x-content/6.4.3/elasticsearch-x-content-6.4.3.jar:/Users/anoop.sharma/.m2/repository/com/fasterxml/jackson/dataformat/jackson-dataformat-smile/2.9.7/jackson-dataformat-smile-2.9.7.jar:/Users/anoop.sharma/.m2/repository/com/fasterxml/jackson/dataformat/jackson-dataformat-yaml/2.9.7/jackson-dataformat-yaml-2.9.7.jar:/Users/anoop.sharma/.m2/repository/com/fasterxml/jackson/dataformat/jackson-dataformat-cbor/2.9.7/jackson-dataformat-cbor-2.9.7.jar:/Users/anoop.sharma/.m2/repository/org/apache/lucene/lucene-core/7.4.0/lucene-core-7.4.0.jar:/Users/anoop.sharma/.m2/repository/org/apache/lucene/lucene-analyzers-common/7.4.0/lucene-analyzers-common-7.4.0.jar:/Users/anoop.sharma/.m2/repository/org/apache/lucene/lucene-backward-codecs/7.4.0/lucene-backward-codecs-7.4.0.jar:/Users/anoop.sharma/.m2/repository/org/apache/lucene/lucene-grouping/7.4.0/lucene-grouping-7.4.0.jar:/Users/anoop.sharma/.m2/repository/org/apache/lucene/lucene-highlighter/7.4.0/lucene-highlighter-7.4.0.jar:/Users/anoop.sharma/.m2/repository/org/apache/lucene/lucene-join/7.4.0/lucene-join-7.4.0.jar:/Users/anoop.sharma/.m2/repository/org/apache/lucene/lucene-memory/7.4.0/lucene-memory-7.4.0.jar:/Users/anoop.sharma/.m2/repository/org/apache/lucene/lucene-misc/7.4.0/lucene-misc-7.4.0.jar:/Users/anoop.sharma/.m2/repository/org/apache/lucene/lucene-queries/7.4.0/lucene-queries-7.4.0.jar:/Users/anoop.sharma/.m2/repository/org/apache/lucene/lucene-queryparser/7.4.0/lucene-queryparser-7.4.0.jar:/Users/anoop.sharma/.m2/repository/org/apache/lucene/lucene-sandbox/7.4.0/lucene-sandbox-7.4.0.jar:/Users/anoop.sharma/.m2/repository/org/apache/lucene/lucene-spatial/7.4.0/lucene-spatial-7.4.0.jar:/Users/anoop.sharma/.m2/repository/org/apache/lucene/lucene-spatial-extras/7.4.0/lucene-spatial-extras-7.4.0.jar:/Users/anoop.sharma/.m2/repository/org/apache/lucene/lucene-spatial3d/7.4.0/lucene-spatial3d-7.4.0.jar:/Users/anoop.sharma/.m2/repository/org/apache/lucene/lucene-suggest/7.4.0/lucene-suggest-7.4.0.jar:/Users/anoop.sharma/.m2/repository/org/elasticsearch/elasticsearch-cli/6.4.3/elasticsearch-cli-6.4.3.jar:/Users/anoop.sharma/.m2/repository/net/sf/jopt-simple/jopt-simple/5.0.2/jopt-simple-5.0.2.jar:/Users/anoop.sharma/.m2/repository/com/carrotsearch/hppc/0.7.1/hppc-0.7.1.jar:/Users/anoop.sharma/.m2/repository/joda-time/joda-time/2.10.1/joda-time-2.10.1.jar:/Users/anoop.sharma/.m2/repository/com/tdunning/t-digest/3.2/t-digest-3.2.jar:/Users/anoop.sharma/.m2/repository/org/hdrhistogram/HdrHistogram/2.1.9/HdrHistogram-2.1.9.jar:/Users/anoop.sharma/.m2/repository/org/apache/logging/log4j/log4j-api/2.11.1/log4j-api-2.11.1.jar:/Users/anoop.sharma/.m2/repository/org/elasticsearch/jna/4.5.1/jna-4.5.1.jar:/Users/anoop.sharma/.m2/repository/org/testng/testng/6.8/testng-6.8.jar:/Users/anoop.sharma/.m2/repository/org/beanshell/bsh/2.0b4/bsh-2.0b4.jar:/Users/anoop.sharma/.m2/repository/com/beust/jcommander/1.27/jcommander-1.27.jar:/Users/anoop.sharma/.m2/repository/org/seleniumhq/selenium/selenium-java/2.53.0/selenium-java-2.53.0.jar:/Users/anoop.sharma/.m2/repository/org/seleniumhq/selenium/selenium-chrome-driver/3.14.0/selenium-chrome-driver-3.14.0.jar:/Users/anoop.sharma/.m2/repository/org/seleniumhq/selenium/selenium-api/3.14.0/selenium-api-3.14.0.jar:/Users/anoop.sharma/.m2/repository/org/seleniumhq/selenium/selenium-remote-driver/3.14.0/selenium-remote-driver-3.14.0.jar:/Users/anoop.sharma/.m2/repository/org/apache/commons/commons-exec/1.3/commons-exec-1.3.jar:/Users/anoop.sharma/.m2/repository/commons-logging/commons-logging/1.2/commons-logging-1.2.jar:/Users/anoop.sharma/.m2/repository/com/google/guava/guava/25.0-jre/guava-25.0-jre.jar:/Users/anoop.sharma/.m2/repository/com/google/code/findbugs/jsr305/1.3.9/jsr305-1.3.9.jar:/Users/anoop.sharma/.m2/repository/org/checkerframework/checker-compat-qual/2.0.0/checker-compat-qual-2.0.0.jar:/Users/anoop.sharma/.m2/repository/com/google/errorprone/error_prone_annotations/2.1.3/error_prone_annotations-2.1.3.jar:/Users/anoop.sharma/.m2/repository/com/google/j2objc/j2objc-annotations/1.1/j2objc-annotations-1.1.jar:/Users/anoop.sharma/.m2/repository/org/codehaus/mojo/animal-sniffer-annotations/1.14/animal-sniffer-annotations-1.14.jar:/Users/anoop.sharma/.m2/repository/org/seleniumhq/selenium/selenium-edge-driver/3.14.0/selenium-edge-driver-3.14.0.jar:/Users/anoop.sharma/.m2/repository/org/seleniumhq/selenium/selenium-firefox-driver/3.14.0/selenium-firefox-driver-3.14.0.jar:/Users/anoop.sharma/.m2/repository/org/seleniumhq/selenium/selenium-ie-driver/3.14.0/selenium-ie-driver-3.14.0.jar:/Users/anoop.sharma/.m2/repository/org/seleniumhq/selenium/selenium-safari-driver/3.14.0/selenium-safari-driver-3.14.0.jar:/Users/anoop.sharma/.m2/repository/org/seleniumhq/selenium/selenium-support/3.14.0/selenium-support-3.14.0.jar:/Users/anoop.sharma/.m2/repository/org/seleniumhq/selenium/selenium-leg-rc/2.53.0/selenium-leg-rc-2.53.0.jar:/Users/anoop.sharma/.m2/repository/com/zerodhatech/kiteconnect/kiteconnect/3.1.14/kiteconnect-3.1.14.jar:/Users/anoop.sharma/.m2/repository/net/sf/supercsv/super-csv/2.4.0/super-csv-2.4.0.jar:/Users/anoop.sharma/.m2/repository/com/neovisionaries/nv-websocket-client/2.3/nv-websocket-client-2.3.jar:/Users/anoop.sharma/.m2/repository/com/squareup/okhttp3/okhttp/4.4.0/okhttp-4.4.0.jar:/Users/anoop.sharma/.m2/repository/com/squareup/okio/okio/2.4.3/okio-2.4.3.jar:/Users/anoop.sharma/.m2/repository/com/squareup/okhttp3/logging-interceptor/4.4.0/logging-interceptor-4.4.0.jar:/Users/anoop.sharma/.m2/repository/org/jetbrains/kotlin/kotlin-stdlib/1.3.70/kotlin-stdlib-1.3.70.jar:/Users/anoop.sharma/.m2/repository/org/jetbrains/kotlin/kotlin-stdlib-common/1.3.70/kotlin-stdlib-common-1.3.70.jar:/Users/anoop.sharma/.m2/repository/org/jetbrains/annotations/13.0/annotations-13.0.jar:"/>
    <property name="java.vm.vendor" value="Amazon.com Inc."/>
    <property name="sun.arch.data.model" value="64"/>
    <property name="java.vendor.url" value="https://aws.amazon.com/corretto/"/>
    <property name="user.timezone" value=""/>
    <property name="user.country.format" value="IN"/>
    <property name="java.vm.specification.version" value="1.8"/>
    <property name="os.name" value="Mac OS X"/>
    <property name="user.country" value="GB"/>
    <property name="sun.java.launcher" value="SUN_STANDARD"/>
    <property name="sun.boot.library.path" value="/Users/anoop.sharma/Library/Java/JavaVirtualMachines/corretto-1.8.0_322/Contents/Home/jre/lib"/>
    <property name="sun.java.command" value="/Users/anoop.sharma/Documents/personal_project/stockElasticChart/target/surefire/surefirebooter5185255371408159751.jar /Users/anoop.sharma/Documents/personal_project/stockElasticChart/target/surefire 2023-03-31T13-46-25_036-jvmRun1 surefire440292761399580641tmp surefire_04020842567604628140tmp"/>
    <property name="surefire.test.class.path" value="/Users/anoop.sharma/Documents/personal_project/stockElasticChart/target/test-classes:/Users/anoop.sharma/Documents/personal_project/stockElasticChart/target/classes:/Users/anoop.sharma/.m2/repository/org/springframework/boot/spring-boot-starter-web/2.1.0.RELEASE/spring-boot-starter-web-2.1.0.RELEASE.jar:/Users/anoop.sharma/.m2/repository/org/springframework/boot/spring-boot-starter-json/2.1.1.BUILD-SNAPSHOT/spring-boot-starter-json-2.1.1.BUILD-SNAPSHOT.jar:/Users/anoop.sharma/.m2/repository/com/fasterxml/jackson/datatype/jackson-datatype-jdk8/2.9.7/jackson-datatype-jdk8-2.9.7.jar:/Users/anoop.sharma/.m2/repository/com/fasterxml/jackson/datatype/jackson-datatype-jsr310/2.9.7/jackson-datatype-jsr310-2.9.7.jar:/Users/anoop.sharma/.m2/repository/com/fasterxml/jackson/module/jackson-module-parameter-names/2.9.7/jackson-module-parameter-names-2.9.7.jar:/Users/anoop.sharma/.m2/repository/org/springframework/boot/spring-boot-starter-tomcat/2.1.1.BUILD-SNAPSHOT/spring-boot-starter-tomcat-2.1.1.BUILD-SNAPSHOT.jar:/Users/anoop.sharma/.m2/repository/org/apache/tomcat/embed/tomcat-embed-core/9.0.13/tomcat-embed-core-9.0.13.jar:/Users/anoop.sharma/.m2/repository/org/apache/tomcat/embed/tomcat-embed-el/9.0.13/tomcat-embed-el-9.0.13.jar:/Users/anoop.sharma/.m2/repository/org/apache/tomcat/embed/tomcat-embed-websocket/9.0.13/tomcat-embed-websocket-9.0.13.jar:/Users/anoop.sharma/.m2/repository/org/hibernate/validator/hibernate-validator/6.0.13.Final/hibernate-validator-6.0.13.Final.jar:/Users/anoop.sharma/.m2/repository/javax/validation/validation-api/2.0.1.Final/validation-api-2.0.1.Final.jar:/Users/anoop.sharma/.m2/repository/org/jboss/logging/jboss-logging/3.3.2.Final/jboss-logging-3.3.2.Final.jar:/Users/anoop.sharma/.m2/repository/com/fasterxml/classmate/1.4.0/classmate-1.4.0.jar:/Users/anoop.sharma/.m2/repository/org/springframework/spring-web/5.1.3.RELEASE/spring-web-5.1.3.RELEASE.jar:/Users/anoop.sharma/.m2/repository/org/springframework/spring-beans/5.1.3.RELEASE/spring-beans-5.1.3.RELEASE.jar:/Users/anoop.sharma/.m2/repository/org/springframework/spring-webmvc/5.1.3.RELEASE/spring-webmvc-5.1.3.RELEASE.jar:/Users/anoop.sharma/.m2/repository/org/springframework/spring-aop/5.1.3.RELEASE/spring-aop-5.1.3.RELEASE.jar:/Users/anoop.sharma/.m2/repository/org/springframework/spring-context/5.1.3.RELEASE/spring-context-5.1.3.RELEASE.jar:/Users/anoop.sharma/.m2/repository/org/springframework/spring-expression/5.1.3.RELEASE/spring-expression-5.1.3.RELEASE.jar:/Users/anoop.sharma/.m2/repository/org/springframework/boot/spring-boot-starter/2.1.1.BUILD-SNAPSHOT/spring-boot-starter-2.1.1.BUILD-SNAPSHOT.jar:/Users/anoop.sharma/.m2/repository/org/springframework/boot/spring-boot/2.1.1.BUILD-SNAPSHOT/spring-boot-2.1.1.BUILD-SNAPSHOT.jar:/Users/anoop.sharma/.m2/repository/org/springframework/boot/spring-boot-autoconfigure/2.1.1.BUILD-SNAPSHOT/spring-boot-autoconfigure-2.1.1.BUILD-SNAPSHOT.jar:/Users/anoop.sharma/.m2/repository/org/springframework/boot/spring-boot-starter-logging/2.1.1.BUILD-SNAPSHOT/spring-boot-starter-logging-2.1.1.BUILD-SNAPSHOT.jar:/Users/anoop.sharma/.m2/repository/ch/qos/logback/logback-classic/1.2.3/logback-classic-1.2.3.jar:/Users/anoop.sharma/.m2/repository/ch/qos/logback/logback-core/1.2.3/logback-core-1.2.3.jar:/Users/anoop.sharma/.m2/repository/org/apache/logging/log4j/log4j-to-slf4j/2.11.1/log4j-to-slf4j-2.11.1.jar:/Users/anoop.sharma/.m2/repository/org/slf4j/jul-to-slf4j/1.7.25/jul-to-slf4j-1.7.25.jar:/Users/anoop.sharma/.m2/repository/javax/annotation/javax.annotation-api/1.3.2/javax.annotation-api-1.3.2.jar:/Users/anoop.sharma/.m2/repository/org/springframework/spring-core/5.1.3.RELEASE/spring-core-5.1.3.RELEASE.jar:/Users/anoop.sharma/.m2/repository/org/springframework/spring-jcl/5.1.3.RELEASE/spring-jcl-5.1.3.RELEASE.jar:/Users/anoop.sharma/.m2/repository/org/yaml/snakeyaml/1.23/snakeyaml-1.23.jar:/Users/anoop.sharma/.m2/repository/org/springframework/boot/spring-boot-starter-test/2.1.1.BUILD-SNAPSHOT/spring-boot-starter-test-2.1.1.BUILD-SNAPSHOT.jar:/Users/anoop.sharma/.m2/repository/org/springframework/boot/spring-boot-test/2.1.1.BUILD-SNAPSHOT/spring-boot-test-2.1.1.BUILD-SNAPSHOT.jar:/Users/anoop.sharma/.m2/repository/org/springframework/boot/spring-boot-test-autoconfigure/2.1.1.BUILD-SNAPSHOT/spring-boot-test-autoconfigure-2.1.1.BUILD-SNAPSHOT.jar:/Users/anoop.sharma/.m2/repository/com/jayway/jsonpath/json-path/2.4.0/json-path-2.4.0.jar:/Users/anoop.sharma/.m2/repository/net/minidev/json-smart/2.3/json-smart-2.3.jar:/Users/anoop.sharma/.m2/repository/net/minidev/accessors-smart/1.2/accessors-smart-1.2.jar:/Users/anoop.sharma/.m2/repository/org/ow2/asm/asm/5.0.4/asm-5.0.4.jar:/Users/anoop.sharma/.m2/repository/org/slf4j/slf4j-api/1.7.25/slf4j-api-1.7.25.jar:/Users/anoop.sharma/.m2/repository/junit/junit/4.12/junit-4.12.jar:/Users/anoop.sharma/.m2/repository/org/assertj/assertj-core/3.11.1/assertj-core-3.11.1.jar:/Users/anoop.sharma/.m2/repository/org/mockito/mockito-core/2.23.4/mockito-core-2.23.4.jar:/Users/anoop.sharma/.m2/repository/net/bytebuddy/byte-buddy/1.9.5/byte-buddy-1.9.5.jar:/Users/anoop.sharma/.m2/repository/net/bytebuddy/byte-buddy-agent/1.9.5/byte-buddy-agent-1.9.5.jar:/Users/anoop.sharma/.m2/repository/org/objenesis/objenesis/2.6/objenesis-2.6.jar:/Users/anoop.sharma/.m2/repository/org/hamcrest/hamcrest-core/1.3/hamcrest-core-1.3.jar:/Users/anoop.sharma/.m2/repository/org/hamcrest/hamcrest-library/1.3/hamcrest-library-1.3.jar:/Users/anoop.sharma/.m2/repository/org/skyscreamer/jsonassert/1.5.0/jsonassert-1.5.0.jar:/Users/anoop.sharma/.m2/repository/com/vaadin/external/google/android-json/0.0.20131108.vaadin1/android-json-0.0.20131108.vaadin1.jar:/Users/anoop.sharma/.m2/repository/org/springframework/spring-test/5.1.3.RELEASE/spring-test-5.1.3.RELEASE.jar:/Users/anoop.sharma/.m2/repository/org/xmlunit/xmlunit-core/2.6.2/xmlunit-core-2.6.2.jar:/Users/anoop.sharma/.m2/repository/org/jsoup/jsoup/1.12.1/jsoup-1.12.1.jar:/Users/anoop.sharma/.m2/repository/org/mongodb/mongo-java-driver/3.6.4/mongo-java-driver-3.6.4.jar:/Users/anoop.sharma/.m2/repository/org/mongodb/mongodb-driver/3.6.4/mongodb-driver-3.6.4.jar:/Users/anoop.sharma/.m2/repository/org/mongodb/mongodb-driver-core/3.8.2/mongodb-driver-core-3.8.2.jar:/Users/anoop.sharma/.m2/repository/org/mongodb/bson/2.13.3/bson-2.13.3.jar:/Users/anoop.sharma/.m2/repository/io/rest-assured/rest-assured/3.1.1/rest-assured-3.1.1.jar:/Users/anoop.sharma/.m2/repository/org/codehaus/groovy/groovy/2.5.4/groovy-2.5.4.jar:/Users/anoop.sharma/.m2/repository/org/codehaus/groovy/groovy-xml/2.5.4/groovy-xml-2.5.4.jar:/Users/anoop.sharma/.m2/repository/org/apache/httpcomponents/httpclient/4.5.6/httpclient-4.5.6.jar:/Users/anoop.sharma/.m2/repository/org/apache/httpcomponents/httpmime/4.5.6/httpmime-4.5.6.jar:/Users/anoop.sharma/.m2/repository/org/ccil/cowan/tagsoup/tagsoup/1.2.1/tagsoup-1.2.1.jar:/Users/anoop.sharma/.m2/repository/io/rest-assured/json-path/3.1.1/json-path-3.1.1.jar:/Users/anoop.sharma/.m2/repository/org/codehaus/groovy/groovy-json/2.5.4/groovy-json-2.5.4.jar:/Users/anoop.sharma/.m2/repository/io/rest-assured/rest-assured-common/3.1.1/rest-assured-common-3.1.1.jar:/Users/anoop.sharma/.m2/repository/io/rest-assured/xml-path/3.1.1/xml-path-3.1.1.jar:/Users/anoop.sharma/.m2/repository/org/apache/commons/commons-lang3/3.8.1/commons-lang3-3.8.1.jar:/Users/anoop.sharma/.m2/repository/javax/xml/bind/jaxb-api/2.3.1/jaxb-api-2.3.1.jar:/Users/anoop.sharma/.m2/repository/javax/activation/javax.activation-api/1.2.0/javax.activation-api-1.2.0.jar:/Users/anoop.sharma/.m2/repository/com/fasterxml/jackson/core/jackson-core/2.9.7/jackson-core-2.9.7.jar:/Users/anoop.sharma/.m2/repository/com/fasterxml/jackson/core/jackson-databind/2.9.7/jackson-databind-2.9.7.jar:/Users/anoop.sharma/.m2/repository/com/fasterxml/jackson/core/jackson-annotations/2.9.0/jackson-annotations-2.9.0.jar:/Users/anoop.sharma/.m2/repository/com/google/code/gson/gson/2.8.5/gson-2.8.5.jar:/Users/anoop.sharma/.m2/repository/org/json/json/20180813/json-20180813.jar:/Users/anoop.sharma/.m2/repository/org/elasticsearch/client/elasticsearch-rest-high-level-client/6.4.3/elasticsearch-rest-high-level-client-6.4.3.jar:/Users/anoop.sharma/.m2/repository/org/elasticsearch/plugin/parent-join-client/6.4.3/parent-join-client-6.4.3.jar:/Users/anoop.sharma/.m2/repository/org/elasticsearch/plugin/aggs-matrix-stats-client/6.4.3/aggs-matrix-stats-client-6.4.3.jar:/Users/anoop.sharma/.m2/repository/org/elasticsearch/plugin/rank-eval-client/6.4.3/rank-eval-client-6.4.3.jar:/Users/anoop.sharma/.m2/repository/org/elasticsearch/plugin/lang-mustache-client/6.4.3/lang-mustache-client-6.4.3.jar:/Users/anoop.sharma/.m2/repository/com/github/spullara/mustache/java/compiler/0.9.3/compiler-0.9.3.jar:/Users/anoop.sharma/.m2/repository/org/elasticsearch/client/elasticsearch-rest-client/6.4.3/elasticsearch-rest-client-6.4.3.jar:/Users/anoop.sharma/.m2/repository/org/apache/httpcomponents/httpcore/4.4.10/httpcore-4.4.10.jar:/Users/anoop.sharma/.m2/repository/org/apache/httpcomponents/httpasyncclient/4.1.4/httpasyncclient-4.1.4.jar:/Users/anoop.sharma/.m2/repository/org/apache/httpcomponents/httpcore-nio/4.4.10/httpcore-nio-4.4.10.jar:/Users/anoop.sharma/.m2/repository/commons-codec/commons-codec/1.11/commons-codec-1.11.jar:/Users/anoop.sharma/.m2/repository/org/elasticsearch/elasticsearch/6.4.3/elasticsearch-6.4.3.jar:/Users/anoop.sharma/.m2/repository/org/elasticsearch/elasticsearch-core/6.4.3/elasticsearch-core-6.4.3.jar:/Users/anoop.sharma/.m2/repository/org/elasticsearch/elasticsearch-secure-sm/6.4.3/elasticsearch-secure-sm-6.4.3.jar:/Users/anoop.sharma/.m2/repository/org/elasticsearch/elasticsearch-x-content/6.4.3/elasticsearch-x-content-6.4.3.jar:/Users/anoop.sharma/.m2/repository/com/fasterxml/jackson/dataformat/jackson-dataformat-smile/2.9.7/jackson-dataformat-smile-2.9.7.jar:/Users/anoop.sharma/.m2/repository/com/fasterxml/jackson/dataformat/jackson-dataformat-yaml/2.9.7/jackson-dataformat-yaml-2.9.7.jar:/Users/anoop.sharma/.m2/repository/com/fasterxml/jackson/dataformat/jackson-dataformat-cbor/2.9.7/jackson-dataformat-cbor-2.9.7.jar:/Users/anoop.sharma/.m2/repository/org/apache/lucene/lucene-core/7.4.0/lucene-core-7.4.0.jar:/Users/anoop.sharma/.m2/repository/org/apache/lucene/lucene-analyzers-common/7.4.0/lucene-analyzers-common-7.4.0.jar:/Users/anoop.sharma/.m2/repository/org/apache/lucene/lucene-backward-codecs/7.4.0/lucene-backward-codecs-7.4.0.jar:/Users/anoop.sharma/.m2/repository/org/apache/lucene/lucene-grouping/7.4.0/lucene-grouping-7.4.0.jar:/Users/anoop.sharma/.m2/repository/org/apache/lucene/lucene-highlighter/7.4.0/lucene-highlighter-7.4.0.jar:/Users/anoop.sharma/.m2/repository/org/apache/lucene/lucene-join/7.4.0/lucene-join-7.4.0.jar:/Users/anoop.sharma/.m2/repository/org/apache/lucene/lucene-memory/7.4.0/lucene-memory-7.4.0.jar:/Users/anoop.sharma/.m2/repository/org/apache/lucene/lucene-misc/7.4.0/lucene-misc-7.4.0.jar:/Users/anoop.sharma/.m2/repository/org/apache/lucene/lucene-queries/7.4.0/lucene-queries-7.4.0.jar:/Users/anoop.sharma/.m2/repository/org/apache/lucene/lucene-queryparser/7.4.0/lucene-queryparser-7.4.0.jar:/Users/anoop.sharma/.m2/repository/org/apache/lucene/lucene-sandbox/7.4.0/lucene-sandbox-7.4.0.jar:/Users/anoop.sharma/.m2/repository/org/apache/lucene/lucene-spatial/7.4.0/lucene-spatial-7.4.0.jar:/Users/anoop.sharma/.m2/repository/org/apache/lucene/lucene-spatial-extras/7.4.0/lucene-spatial-extras-7.4.0.jar:/Users/anoop.sharma/.m2/repository/org/apache/lucene/lucene-spatial3d/7.4.0/lucene-spatial3d-7.4.0.jar:/Users/anoop.sharma/.m2/repository/org/apache/lucene/lucene-suggest/7.4.0/lucene-suggest-7.4.0.jar:/Users/anoop.sharma/.m2/repository/org/elasticsearch/elasticsearch-cli/6.4.3/elasticsearch-cli-6.4.3.jar:/Users/anoop.sharma/.m2/repository/net/sf/jopt-simple/jopt-simple/5.0.2/jopt-simple-5.0.2.jar:/Users/anoop.sharma/.m2/repository/com/carrotsearch/hppc/0.7.1/hppc-0.7.1.jar:/Users/anoop.sharma/.m2/repository/joda-time/joda-time/2.10.1/joda-time-2.10.1.jar:/Users/anoop.sharma/.m2/repository/com/tdunning/t-digest/3.2/t-digest-3.2.jar:/Users/anoop.sharma/.m2/repository/org/hdrhistogram/HdrHistogram/2.1.9/HdrHistogram-2.1.9.jar:/Users/anoop.sharma/.m2/repository/org/apache/logging/log4j/log4j-api/2.11.1/log4j-api-2.11.1.jar:/Users/anoop.sharma/.m2/repository/org/elasticsearch/jna/4.5.1/jna-4.5.1.jar:/Users/anoop.sharma/.m2/repository/org/testng/testng/6.8/testng-6.8.jar:/Users/anoop.sharma/.m2/repository/org/beanshell/bsh/2.0b4/bsh-2.0b4.jar:/Users/anoop.sharma/.m2/repository/com/beust/jcommander/1.27/jcommander-1.27.jar:/Users/anoop.sharma/.m2/repository/org/seleniumhq/selenium/selenium-java/2.53.0/selenium-java-2.53.0.jar:/Users/anoop.sharma/.m2/repository/org/seleniumhq/selenium/selenium-chrome-driver/3.14.0/selenium-chrome-driver-3.14.0.jar:/Users/anoop.sharma/.m2/repository/org/seleniumhq/selenium/selenium-api/3.14.0/selenium-api-3.14.0.jar:/Users/anoop.sharma/.m2/repository/org/seleniumhq/selenium/selenium-remote-driver/3.14.0/selenium-remote-driver-3.14.0.jar:/Users/anoop.sharma/.m2/repository/org/apache/commons/commons-exec/1.3/commons-exec-1.3.jar:/Users/anoop.sharma/.m2/repository/commons-logging/commons-logging/1.2/commons-logging-1.2.jar:/Users/anoop.sharma/.m2/repository/com/google/guava/guava/25.0-jre/guava-25.0-jre.jar:/Users/anoop.sharma/.m2/repository/com/google/code/findbugs/jsr305/1.3.9/jsr305-1.3.9.jar:/Users/anoop.sharma/.m2/repository/org/checkerframework/checker-compat-qual/2.0.0/checker-compat-qual-2.0.0.jar:/Users/anoop.sharma/.m2/repository/com/google/errorprone/error_prone_annotations/2.1.3/error_prone_annotations-2.1.3.jar:/Users/anoop.sharma/.m2/repository/com/google/j2objc/j2objc-annotations/1.1/j2objc-annotations-1.1.jar:/Users/anoop.sharma/.m2/repository/org/codehaus/mojo/animal-sniffer-annotations/1.14/animal-sniffer-annotations-1.14.jar:/Users/anoop.sharma/.m2/repository/org/seleniumhq/selenium/selenium-edge-driver/3.14.0/selenium-edge-driver-3.14.0.jar:/Users/anoop.sharma/.m2/repository/org/seleniumhq/selenium/selenium-firefox-driver/3.14.0/selenium-firefox-driver-3.14.0.jar:/Users/anoop.sharma/.m2/repository/org/seleniumhq/selenium/selenium-ie-driver/3.14.0/selenium-ie-driver-3.14.0.jar:/Users/anoop.sharma/.m2/repository/org/seleniumhq/selenium/selenium-safari-driver/3.14.0/selenium-safari-driver-3.14.0.jar:/Users/anoop.sharma/.m2/repository/org/seleniumhq/selenium/selenium-support/3.14.0/selenium-support-3.14.0.jar:/Users/anoop.sharma/.m2/repository/org/seleniumhq/selenium/selenium-leg-rc/2.53.0/selenium-leg-rc-2.53.0.jar:/Users/anoop.sharma/.m2/repository/com/zerodhatech/kiteconnect/kiteconnect/3.1.14/kiteconnect-3.1.14.jar:/Users/anoop.sharma/.m2/repository/net/sf/supercsv/super-csv/2.4.0/super-csv-2.4.0.jar:/Users/anoop.sharma/.m2/repository/com/neovisionaries/nv-websocket-client/2.3/nv-websocket-client-2.3.jar:/Users/anoop.sharma/.m2/repository/com/squareup/okhttp3/okhttp/4.4.0/okhttp-4.4.0.jar:/Users/anoop.sharma/.m2/repository/com/squareup/okio/okio/2.4.3/okio-2.4.3.jar:/Users/anoop.sharma/.m2/repository/com/squareup/okhttp3/logging-interceptor/4.4.0/logging-interceptor-4.4.0.jar:/Users/anoop.sharma/.m2/repository/org/jetbrains/kotlin/kotlin-stdlib/1.3.70/kotlin-stdlib-1.3.70.jar:/Users/anoop.sharma/.m2/repository/org/jetbrains/kotlin/kotlin-stdlib-common/1.3.70/kotlin-stdlib-common-1.3.70.jar:/Users/anoop.sharma/.m2/repository/org/jetbrains/annotations/13.0/annotations-13.0.jar:"/>
    <property name="sun.cpu.endian" value="little"/>
    <property name="user.home" value="/Users/anoop.sharma"/>
    <property name="user.language" value="en"/>
    <property name="java.specification.vendor" value="Oracle Corporation"/>
    <property name="java.home" value="/Users/anoop.sharma/Library/Java/JavaVirtualMachines/corretto-1.8.0_322/Contents/Home/jre"/>
    <property name="basedir" value="/Users/anoop.sharma/Documents/personal_project/stockElasticChart"/>
    <property name="file.separator" value="/"/>
    <property name="line.separator" value="&#10;"/>
    <property name="java.vm.specification.vendor" value="Oracle Corporation"/>
    <property name="java.specification.name" value="Java Platform API Specification"/>
    <property name="java.awt.graphicsenv" value="sun.awt.CGraphicsEnvironment"/>
    <property name="surefire.real.class.path" value="/Users/anoop.sharma/Documents/personal_project/stockElasticChart/target/surefire/surefirebooter5185255371408159751.jar"/>
    <property name="sun.boot.class.path" value="/Users/anoop.sharma/Library/Java/JavaVirtualMachines/corretto-1.8.0_322/Contents/Home/jre/lib/resources.jar:/Users/anoop.sharma/Library/Java/JavaVirtualMachines/corretto-1.8.0_322/Contents/Home/jre/lib/rt.jar:/Users/anoop.sharma/Library/Java/JavaVirtualMachines/corretto-1.8.0_322/Contents/Home/jre/lib/sunrsasign.jar:/Users/anoop.sharma/Library/Java/JavaVirtualMachines/corretto-1.8.0_322/Contents/Home/jre/lib/jsse.jar:/Users/anoop.sharma/Library/Java/JavaVirtualMachines/corretto-1.8.0_322/Contents/Home/jre/lib/jce.jar:/Users/anoop.sharma/Library/Java/JavaVirtualMachines/corretto-1.8.0_322/Contents/Home/jre/lib/charsets.jar:/Users/anoop.sharma/Library/Java/JavaVirtualMachines/corretto-1.8.0_322/Contents/Home/jre/lib/jfr.jar:/Users/anoop.sharma/Library/Java/JavaVirtualMachines/corretto-1.8.0_322/Contents/Home/jre/classes"/>
    <property name="sun.management.compiler" value="HotSpot 64-Bit Tiered Compilers"/>
    <property name="java.runtime.version" value="1.8.0_322-b06"/>
    <property name="user.name" value="anoop.sharma"/>
    <property name="path.separator" value=":"/>
    <property name="os.version" value="13.3"/>
    <property name="java.endorsed.dirs" value="/Users/anoop.sharma/Library/Java/JavaVirtualMachines/corretto-1.8.0_322/Contents/Home/jre/lib/endorsed"/>
    <property name="java.runtime.name" value="OpenJDK Runtime Environment"/>
    <property name="file.encoding" value="UTF-8"/>
    <property name="java.vm.name" value="OpenJDK 64-Bit Server VM"/>
    <property name="localRepository" value="/Users/anoop.sharma/.m2/repository"/>
    <property name="java.vendor.url.bug" value="https://github.com/corretto/corretto-8/issues/"/>
    <property name="java.io.tmpdir" value="/var/folders/8h/2fg_h60n1050ksjq_ft387w40000gr/T/"/>
    <property name="idea.version" value="2023.1"/>
    <property name="java.version" value="1.8.0_322"/>
    <property name="user.dir" value="/Users/anoop.sharma/Documents/personal_project/stockElasticChart"/>
    <property name="os.arch" value="x86_64"/>
    <property name="java.vm.specification.name" value="Java Virtual Machine Specification"/>
    <property name="java.awt.printerjob" value="sun.lwawt.macosx.CPrinterJob"/>
    <property name="sun.os.patch.level" value="unknown"/>
    <property name="java.library.path" value="/Users/anoop.sharma/Library/Java/Extensions:/Library/Java/Extensions:/Network/Library/Java/Extensions:/System/Library/Java/Extensions:/usr/lib/java:."/>
    <property name="java.vm.info" value="mixed mode"/>
    <property name="java.vendor" value="Amazon.com Inc."/>
    <property name="java.vm.version" value="25.322-b06"/>
    <property name="java.ext.dirs" value="/Users/anoop.sharma/Library/Java/Extensions:/Users/anoop.sharma/Library/Java/JavaVirtualMachines/corretto-1.8.0_322/Contents/Home/jre/lib/ext:/Library/Java/Extensions:/Network/Library/Java/Extensions:/System/Library/Java/Extensions:/usr/lib/java"/>
    <property name="sun.io.unicode.encoding" value="UnicodeBig"/>
    <property name="java.class.version" value="52.0"/>
  </properties>
</testsuite>